Unity Editor version:    2020.3.31f1 (6b54b7616050)
Branch:                  2020.3/release
Build type:              Release
Batch mode:              YES
macOS version:           Version 11.6 (Build 20G165)
Darwin version:          20.6.0
Architecture:            x86_64
Running under Rosetta:   YES
Available memory:        8192 MB
Using pre-set license
Pro License: NO

COMMAND LINE ARGUMENTS:
/Applications/Unity/Hub/Editor/2020.3.31f1/Unity.app/Contents/MacOS/Unity
-adb2
-batchMode
-noUpm
-name
AssetImportWorker0
-projectPath
/Users/nurettinarabaci/Documents/GitHub/CanYouKnow/CanYouKnow
-logFile
Logs/AssetImportWorker0.log
-srvPort
49281
Successfully changed project path to: /Users/nurettinarabaci/Documents/GitHub/CanYouKnow/CanYouKnow
/Users/nurettinarabaci/Documents/GitHub/CanYouKnow/CanYouKnow
Using Asset Import Pipeline V2.
Refreshing native plugins compatible for Editor in 31.54 ms, found 2 plugins.
Preloading 0 native plugins for Editor in 0.00 ms.
Initialize engine version: 2020.3.31f1 (6b54b7616050)
[Subsystems] Discovering subsystems at path /Applications/Unity/Hub/Editor/2020.3.31f1/Unity.app/Contents/Resources/UnitySubsystems
[Subsystems] Discovering subsystems at path /Users/nurettinarabaci/Documents/GitHub/CanYouKnow/CanYouKnow/Assets
GfxDevice: creating device client; threaded=0
2022-04-02 10:57:42.193 Unity[890:13474] (null) preferred device: Apple M1 (high power)
2022-04-02 10:57:42.193 Unity[890:13474] Metal devices available: 1
2022-04-02 10:57:42.193 Unity[890:13474] 0: Apple M1 (high power)
2022-04-02 10:57:42.193 Unity[890:13474] Using device Apple M1 (high power)
Initializing Metal device caps: Apple M1
Initialize mono
Mono path[0] = '/Applications/Unity/Hub/Editor/2020.3.31f1/Unity.app/Contents/Managed'
Mono path[1] = '/Applications/Unity/Hub/Editor/2020.3.31f1/Unity.app/Contents/MonoBleedingEdge/lib/mono/unityjit'
Mono config path = '/Applications/Unity/Hub/Editor/2020.3.31f1/Unity.app/Contents/MonoBleedingEdge/etc'
Using monoOptions --debugger-agent=transport=dt_socket,embedding=1,server=y,suspend=n,address=127.0.0.1:56890
Begin MonoManager ReloadAssembly
Registering precompiled unity dll's ...
Register platform support module: /Applications/Unity/Hub/Editor/2020.3.31f1/Unity.app/Contents/PlaybackEngines/MacStandaloneSupport/UnityEditor.OSXStandalone.Extensions.dll
Registered in 0.000896 seconds.
Native extension for OSXStandalone target not found
Refreshing native plugins compatible for Editor in 30.93 ms, found 2 plugins.
Preloading 0 native plugins for Editor in 0.00 ms.
Mono: successfully reloaded assembly
- Completed reload, in  1.295 seconds
Domain Reload Profiling:
	ReloadAssembly (1295ms)
		BeginReloadAssembly (88ms)
			ExecutionOrderSort (0ms)
			DisableScriptedObjects (0ms)
			BackupInstance (0ms)
			ReleaseScriptingObjects (0ms)
			CreateAndSetChildDomain (3ms)
		EndReloadAssembly (1086ms)
			LoadAssemblies (86ms)
			RebuildTransferFunctionScriptingTraits (0ms)
			SetupTypeCache (191ms)
			ReleaseScriptCaches (0ms)
			RebuildScriptCaches (46ms)
			SetupLoadedEditorAssemblies (554ms)
				LogAssemblyErrors (0ms)
				InitializePlatformSupportModulesInManaged (12ms)
				SetLoadedEditorAssemblies (0ms)
				RefreshPlugins (31ms)
				BeforeProcessingInitializeOnLoad (84ms)
				ProcessInitializeOnLoadAttributes (324ms)
				ProcessInitializeOnLoadMethodAttributes (101ms)
				AfterProcessingInitializeOnLoad (0ms)
				EditorAssembliesLoaded (1ms)
			ExecutionOrderSort2 (0ms)
			AwakeInstancesAfterBackupRestoration (0ms)
Platform modules already initialized, skipping
Registering precompiled user dll's ...
Registered in 0.002969 seconds.
Begin MonoManager ReloadAssembly
Native extension for OSXStandalone target not found
Refreshing native plugins compatible for Editor in 0.49 ms, found 2 plugins.
Preloading 0 native plugins for Editor in 0.00 ms.
Mono: successfully reloaded assembly
- Completed reload, in  2.247 seconds
Domain Reload Profiling:
	ReloadAssembly (2248ms)
		BeginReloadAssembly (277ms)
			ExecutionOrderSort (0ms)
			DisableScriptedObjects (31ms)
			BackupInstance (0ms)
			ReleaseScriptingObjects (0ms)
			CreateAndSetChildDomain (44ms)
		EndReloadAssembly (1871ms)
			LoadAssemblies (208ms)
			RebuildTransferFunctionScriptingTraits (0ms)
			SetupTypeCache (343ms)
			ReleaseScriptCaches (1ms)
			RebuildScriptCaches (56ms)
			SetupLoadedEditorAssemblies (991ms)
				LogAssemblyErrors (0ms)
				InitializePlatformSupportModulesInManaged (15ms)
				SetLoadedEditorAssemblies (2ms)
				RefreshPlugins (1ms)
				BeforeProcessingInitializeOnLoad (198ms)
				ProcessInitializeOnLoadAttributes (744ms)
				ProcessInitializeOnLoadMethodAttributes (30ms)
				AfterProcessingInitializeOnLoad (1ms)
				EditorAssembliesLoaded (0ms)
			ExecutionOrderSort2 (0ms)
			AwakeInstancesAfterBackupRestoration (35ms)
Platform modules already initialized, skipping
Validating Project structure ... 0.000891 seconds.
Shader import version has changed; will reimport all shaders...
Upgrading shader files ...0.000933 seconds.
Application.AssetDatabase Initial Script Refresh Start
RefreshInfo: InitialScriptRefreshV2(NoUpdateAssetOptions) scanfilter:  ... 1 filters
RefreshProfiler: Total: 0.000ms
Application.AssetDatabase Initial Script Refresh End
Application.AssetDatabase.Refresh Start
Application.AssetDatabase.Refresh End
RefreshInfo: StopAssetImportingV2(ForceSynchronousImport) scanfilter: 
RefreshProfiler: Total: 0.000ms
Launching external process: /Applications/Unity/Hub/Editor/2020.3.31f1/Unity.app/Contents/Tools/UnityShaderCompiler
Launched and connected shader compiler UnityShaderCompiler after 0.03 seconds
Initializing Unity extensions:
========================================================================
Worker process is ready to serve import requests
Refreshing native plugins compatible for Editor in 0.39 ms, found 2 plugins.
Preloading 0 native plugins for Editor in 0.00 ms.
Unloading 1522 Unused Serialized files (Serialized files now loaded: 0)
System memory in use before: 180.4 MB.
System memory in use after: 179.6 MB.

Unloading 84 unused Assets to reduce memory usage. Loaded Objects now: 2001.
Total: 2.500292 ms (FindLiveObjects: 0.074584 ms CreateObjectMapping: 0.030833 ms MarkObjects: 1.950375 ms  DeleteObjects: 0.443625 ms)

AssetImportParameters requested are different than current active one (requested -> active):
  custom:video-decoder-ogg-theora: a1e56fd34408186e4bbccfd4996cb3dc -> 
  custom:container-muxer-webm: aa71ff27fc2769a1b78a27578f13a17b -> 
  custom:container-demuxer-webm: 4f35f7cbe854078d1ac9338744f61a02 -> 
  custom:container-demuxer-ogg: 62fdf1f143b41e24485cea50d1cbac27 -> 
  custom:video-encoder-webm-vp8: eb34c28f22e8b96e1ab97ce403110664 -> 
  custom:framework-osx-AVFoundation: e770b220cccbd017edd2c1fefb359320 -> 
  custom:video-decoder-webm-vp8: 9c59270c3fd7afecdb556c50c9e8de78 -> 
  custom:audio-decoder-ogg-vorbis: bf7c407c2cedff20999df2af8eb42d56 -> 
  custom:audio-encoder-webm-vorbis: bf7c407c2cedff20999df2af8eb42d56 -> 
========================================================================
Received Import Request.
  path: Assets/Scripts/ChooseObject.cs
  artifactKey: Guid(97ac1d688f97d4538af996c9657eaed7) Importer(815301076,1909f56bfc062723c751e8b465ee728b)
Start importing Assets/Scripts/ChooseObject.cs using Guid(97ac1d688f97d4538af996c9657eaed7) Importer(815301076,1909f56bfc062723c751e8b465ee728b)  -> (artifact id: 'f9d12a25d1c855f39fd57524fdc109c7') in 0.252888 seconds 
========================================================================
Received Prepare
Refreshing native plugins compatible for Editor in 11.11 ms, found 2 plugins.
Preloading 0 native plugins for Editor in 0.00 ms.
Unloading 11 Unused Serialized files (Serialized files now loaded: 0)
System memory in use before: 153.0 MB.
System memory in use after: 153.1 MB.

Unloading 11 unused Assets to reduce memory usage. Loaded Objects now: 2001.
Total: 5.576333 ms (FindLiveObjects: 1.112292 ms CreateObjectMapping: 0.044666 ms MarkObjects: 4.396458 ms  DeleteObjects: 0.020625 ms)

AssetImportParameters requested are different than current active one (requested -> active):
  custom:video-decoder-ogg-theora: a1e56fd34408186e4bbccfd4996cb3dc -> 
  custom:container-muxer-webm: aa71ff27fc2769a1b78a27578f13a17b -> 
  custom:container-demuxer-webm: 4f35f7cbe854078d1ac9338744f61a02 -> 
  custom:container-demuxer-ogg: 62fdf1f143b41e24485cea50d1cbac27 -> 
  custom:video-encoder-webm-vp8: eb34c28f22e8b96e1ab97ce403110664 -> 
  custom:framework-osx-AVFoundation: e770b220cccbd017edd2c1fefb359320 -> 
  custom:video-decoder-webm-vp8: 9c59270c3fd7afecdb556c50c9e8de78 -> 
  custom:audio-decoder-ogg-vorbis: bf7c407c2cedff20999df2af8eb42d56 -> 
  custom:audio-encoder-webm-vorbis: bf7c407c2cedff20999df2af8eb42d56 -> 
========================================================================
Received Import Request.
  Time since last request: 3712.230818 seconds.
  path: Assets/Models/SelectedObjColorOne.fbx
  artifactKey: Guid(f04e08ae7767741ceb1ed9f7d6cbcd3b) Importer(815301076,1909f56bfc062723c751e8b465ee728b)
Start importing Assets/Models/SelectedObjColorOne.fbx using Guid(f04e08ae7767741ceb1ed9f7d6cbcd3b) Importer(815301076,1909f56bfc062723c751e8b465ee728b)  -> (artifact id: 'b671a39689c370dd23e5d14e860511c7') in 0.910420 seconds 
========================================================================
Received Import Request.
  Time since last request: 33.213605 seconds.
  path: Assets/Materials/SelectObjMats
  artifactKey: Guid(9865d5db8ef184ee39e8e7bffdc8f44f) Importer(815301076,1909f56bfc062723c751e8b465ee728b)
Start importing Assets/Materials/SelectObjMats using Guid(9865d5db8ef184ee39e8e7bffdc8f44f) Importer(815301076,1909f56bfc062723c751e8b465ee728b)  -> (artifact id: 'cdda64827c0da52f41f7e0c85c8b3c01') in 0.001203 seconds 
========================================================================
Received Import Request.
  Time since last request: 265.866741 seconds.
  path: Assets/Models/SelectedObjColorTwo.fbx
  artifactKey: Guid(abc46993944f04479b9ae895aff8347d) Importer(815301076,1909f56bfc062723c751e8b465ee728b)
Start importing Assets/Models/SelectedObjColorTwo.fbx using Guid(abc46993944f04479b9ae895aff8347d) Importer(815301076,1909f56bfc062723c751e8b465ee728b)  -> (artifact id: 'd9eb4ff4a4fda9b97b92dc90e2224470') in 0.042921 seconds 
========================================================================
Received Import Request.
  Time since last request: 53.855668 seconds.
  path: Assets/Models/SelectedObjMeshTwo.fbx
  artifactKey: Guid(b1202b7dac5c54a9fa60babc1d7e47c9) Importer(815301076,1909f56bfc062723c751e8b465ee728b)
Start importing Assets/Models/SelectedObjMeshTwo.fbx using Guid(b1202b7dac5c54a9fa60babc1d7e47c9) Importer(815301076,1909f56bfc062723c751e8b465ee728b)  -> (artifact id: '1145ecd7bee8be5cc89bed7a8a98f483') in 0.032284 seconds 
========================================================================
Received Import Request.
  Time since last request: 8.620390 seconds.
  path: Assets/Models/SelectedObjColorOne.fbx
  artifactKey: Guid(f04e08ae7767741ceb1ed9f7d6cbcd3b) Importer(815301076,1909f56bfc062723c751e8b465ee728b)
Start importing Assets/Models/SelectedObjColorOne.fbx using Guid(f04e08ae7767741ceb1ed9f7d6cbcd3b) Importer(815301076,1909f56bfc062723c751e8b465ee728b)  -> (artifact id: '4c95b11cb7bbe3855e9fb94b9616b763') in 0.027174 seconds 
========================================================================
Received Import Request.
  Time since last request: 41.027565 seconds.
  path: Assets/Models/SelectedObjColorTwo.fbx
  artifactKey: Guid(abc46993944f04479b9ae895aff8347d) Importer(815301076,1909f56bfc062723c751e8b465ee728b)
Start importing Assets/Models/SelectedObjColorTwo.fbx using Guid(abc46993944f04479b9ae895aff8347d) Importer(815301076,1909f56bfc062723c751e8b465ee728b)  -> (artifact id: '32bd150f3e5585492e64386a493bfc32') in 0.030994 seconds 
========================================================================
Received Import Request.
  Time since last request: 238.898980 seconds.
  path: Assets/Prefabs/True
  artifactKey: Guid(ec2a877e5258d4af99f3260dca4b1449) Importer(815301076,1909f56bfc062723c751e8b465ee728b)
Start importing Assets/Prefabs/True using Guid(ec2a877e5258d4af99f3260dca4b1449) Importer(815301076,1909f56bfc062723c751e8b465ee728b)  -> (artifact id: '30dabba6010b89ee47b04faaa0f6fdf5') in 0.001169 seconds 
========================================================================
Received Import Request.
  Time since last request: 6.410324 seconds.
  path: Assets/Prefabs/False
  artifactKey: Guid(9174a1774aba8468da5bae287127ea3e) Importer(815301076,1909f56bfc062723c751e8b465ee728b)
Start importing Assets/Prefabs/False using Guid(9174a1774aba8468da5bae287127ea3e) Importer(815301076,1909f56bfc062723c751e8b465ee728b)  -> (artifact id: '99c53d6638837f05dc1591daba24f367') in 0.001256 seconds 
========================================================================
Received Import Request.
  Time since last request: 582.741769 seconds.
  path: Assets/Models/SelectedObjMeshFour.fbx
  artifactKey: Guid(8c5c3e6365e334dfd9139976abd5fc6d) Importer(815301076,1909f56bfc062723c751e8b465ee728b)
Start importing Assets/Models/SelectedObjMeshFour.fbx using Guid(8c5c3e6365e334dfd9139976abd5fc6d) Importer(815301076,1909f56bfc062723c751e8b465ee728b)  -> (artifact id: '91ef033e6b1e29bd523e9f1ff3f68667') in 0.033886 seconds 
========================================================================
Received Import Request.
  Time since last request: 3.202798 seconds.
  path: Assets/Models/SelectedObjMeshFive.fbx
  artifactKey: Guid(2eb04c7e59d0540c08a4f87a733f6126) Importer(815301076,1909f56bfc062723c751e8b465ee728b)
Start importing Assets/Models/SelectedObjMeshFive.fbx using Guid(2eb04c7e59d0540c08a4f87a733f6126) Importer(815301076,1909f56bfc062723c751e8b465ee728b)  -> (artifact id: '9f7636183660ed23ebfd7ef143d4a872') in 0.037093 seconds 
========================================================================
Received Import Request.
  Time since last request: 64.989359 seconds.
  path: Assets/Models/SelectedObjMeshOne.fbx
  artifactKey: Guid(2dda4e67ebe974f60a3e8963dcd0310a) Importer(815301076,1909f56bfc062723c751e8b465ee728b)
Start importing Assets/Models/SelectedObjMeshOne.fbx using Guid(2dda4e67ebe974f60a3e8963dcd0310a) Importer(815301076,1909f56bfc062723c751e8b465ee728b)  -> (artifact id: 'c3d719c503f14feeb8172fa04776dd84') in 0.036016 seconds 
========================================================================
Received Import Request.
  Time since last request: 101.892921 seconds.
  path: Assets/Models/SelectedObjMeshThree.fbx
  artifactKey: Guid(7fa7e03094897400899ffb68458de098) Importer(815301076,1909f56bfc062723c751e8b465ee728b)
Start importing Assets/Models/SelectedObjMeshThree.fbx using Guid(7fa7e03094897400899ffb68458de098) Importer(815301076,1909f56bfc062723c751e8b465ee728b)  -> (artifact id: 'f1c42cc9e569d410e300583f7c381602') in 0.035997 seconds 
========================================================================
Received Import Request.
  Time since last request: 121.157506 seconds.
  path: Assets/Models/SelectedObjMeshTwo.fbx
  artifactKey: Guid(b1202b7dac5c54a9fa60babc1d7e47c9) Importer(815301076,1909f56bfc062723c751e8b465ee728b)
Start importing Assets/Models/SelectedObjMeshTwo.fbx using Guid(b1202b7dac5c54a9fa60babc1d7e47c9) Importer(815301076,1909f56bfc062723c751e8b465ee728b)  -> (artifact id: 'ca12947e823f5e5cd8ae3708c54aa7cb') in 0.033490 seconds 
========================================================================
Received Prepare
Registering precompiled user dll's ...
Registered in 0.001432 seconds.
Begin MonoManager ReloadAssembly
Native extension for OSXStandalone target not found
Refreshing native plugins compatible for Editor in 0.31 ms, found 2 plugins.
Preloading 0 native plugins for Editor in 0.00 ms.
Mono: successfully reloaded assembly
- Completed reload, in  2.231 seconds
Domain Reload Profiling:
	ReloadAssembly (2232ms)
		BeginReloadAssembly (266ms)
			ExecutionOrderSort (0ms)
			DisableScriptedObjects (30ms)
			BackupInstance (0ms)
			ReleaseScriptingObjects (0ms)
			CreateAndSetChildDomain (100ms)
		EndReloadAssembly (1870ms)
			LoadAssemblies (180ms)
			RebuildTransferFunctionScriptingTraits (0ms)
			SetupTypeCache (330ms)
			ReleaseScriptCaches (1ms)
			RebuildScriptCaches (50ms)
			SetupLoadedEditorAssemblies (1008ms)
				LogAssemblyErrors (0ms)
				InitializePlatformSupportModulesInManaged (12ms)
				SetLoadedEditorAssemblies (1ms)
				RefreshPlugins (0ms)
				BeforeProcessingInitializeOnLoad (231ms)
				ProcessInitializeOnLoadAttributes (734ms)
				ProcessInitializeOnLoadMethodAttributes (27ms)
				AfterProcessingInitializeOnLoad (1ms)
				EditorAssembliesLoaded (0ms)
			ExecutionOrderSort2 (0ms)
			AwakeInstancesAfterBackupRestoration (68ms)
Platform modules already initialized, skipping
Refreshing native plugins compatible for Editor in 0.31 ms, found 2 plugins.
Preloading 0 native plugins for Editor in 0.00 ms.
Unloading 1515 Unused Serialized files (Serialized files now loaded: 0)
System memory in use before: 187.3 MB.
System memory in use after: 187.5 MB.

Unloading 14 unused Assets to reduce memory usage. Loaded Objects now: 2047.
Total: 2.263750 ms (FindLiveObjects: 0.095541 ms CreateObjectMapping: 0.031542 ms MarkObjects: 2.105875 ms  DeleteObjects: 0.029250 ms)

AssetImportParameters requested are different than current active one (requested -> active):
  custom:video-decoder-ogg-theora: a1e56fd34408186e4bbccfd4996cb3dc -> 
  custom:container-muxer-webm: aa71ff27fc2769a1b78a27578f13a17b -> 
  custom:container-demuxer-webm: 4f35f7cbe854078d1ac9338744f61a02 -> 
  custom:container-demuxer-ogg: 62fdf1f143b41e24485cea50d1cbac27 -> 
  custom:video-encoder-webm-vp8: eb34c28f22e8b96e1ab97ce403110664 -> 
  custom:framework-osx-AVFoundation: e770b220cccbd017edd2c1fefb359320 -> 
  custom:video-decoder-webm-vp8: 9c59270c3fd7afecdb556c50c9e8de78 -> 
  custom:audio-decoder-ogg-vorbis: bf7c407c2cedff20999df2af8eb42d56 -> 
  custom:audio-encoder-webm-vorbis: bf7c407c2cedff20999df2af8eb42d56 -> 
========================================================================
Received Prepare
Registering precompiled user dll's ...
Registered in 0.001387 seconds.
Begin MonoManager ReloadAssembly
Native extension for OSXStandalone target not found
Refreshing native plugins compatible for Editor in 0.30 ms, found 2 plugins.
Preloading 0 native plugins for Editor in 0.00 ms.
Mono: successfully reloaded assembly
- Completed reload, in  2.188 seconds
Domain Reload Profiling:
	ReloadAssembly (2189ms)
		BeginReloadAssembly (237ms)
			ExecutionOrderSort (0ms)
			DisableScriptedObjects (43ms)
			BackupInstance (0ms)
			ReleaseScriptingObjects (0ms)
			CreateAndSetChildDomain (82ms)
		EndReloadAssembly (1855ms)
			LoadAssemblies (183ms)
			RebuildTransferFunctionScriptingTraits (0ms)
			SetupTypeCache (326ms)
			ReleaseScriptCaches (1ms)
			RebuildScriptCaches (51ms)
			SetupLoadedEditorAssemblies (1028ms)
				LogAssemblyErrors (0ms)
				InitializePlatformSupportModulesInManaged (13ms)
				SetLoadedEditorAssemblies (1ms)
				RefreshPlugins (0ms)
				BeforeProcessingInitializeOnLoad (242ms)
				ProcessInitializeOnLoadAttributes (741ms)
				ProcessInitializeOnLoadMethodAttributes (29ms)
				AfterProcessingInitializeOnLoad (1ms)
				EditorAssembliesLoaded (0ms)
			ExecutionOrderSort2 (0ms)
			AwakeInstancesAfterBackupRestoration (31ms)
Platform modules already initialized, skipping
Refreshing native plugins compatible for Editor in 0.29 ms, found 2 plugins.
Preloading 0 native plugins for Editor in 0.00 ms.
Unloading 1515 Unused Serialized files (Serialized files now loaded: 0)
System memory in use before: 187.5 MB.
System memory in use after: 187.6 MB.

Unloading 13 unused Assets to reduce memory usage. Loaded Objects now: 2050.
Total: 2.035792 ms (FindLiveObjects: 0.065250 ms CreateObjectMapping: 0.030917 ms MarkObjects: 1.916666 ms  DeleteObjects: 0.022125 ms)

AssetImportParameters requested are different than current active one (requested -> active):
  custom:video-decoder-ogg-theora: a1e56fd34408186e4bbccfd4996cb3dc -> 
  custom:container-muxer-webm: aa71ff27fc2769a1b78a27578f13a17b -> 
  custom:container-demuxer-webm: 4f35f7cbe854078d1ac9338744f61a02 -> 
  custom:container-demuxer-ogg: 62fdf1f143b41e24485cea50d1cbac27 -> 
  custom:video-encoder-webm-vp8: eb34c28f22e8b96e1ab97ce403110664 -> 
  custom:framework-osx-AVFoundation: e770b220cccbd017edd2c1fefb359320 -> 
  custom:video-decoder-webm-vp8: 9c59270c3fd7afecdb556c50c9e8de78 -> 
  custom:audio-decoder-ogg-vorbis: bf7c407c2cedff20999df2af8eb42d56 -> 
  custom:audio-encoder-webm-vorbis: bf7c407c2cedff20999df2af8eb42d56 -> 
========================================================================
Received Import Request.
  Time since last request: 1167.991062 seconds.
  path: Assets/Prefabs/False/SelectedObjColorOne.prefab
  artifactKey: Guid(ca33ec6807a93442b84c5c121dd70110) Importer(815301076,1909f56bfc062723c751e8b465ee728b)
Start importing Assets/Prefabs/False/SelectedObjColorOne.prefab using Guid(ca33ec6807a93442b84c5c121dd70110) Importer(815301076,1909f56bfc062723c751e8b465ee728b)  -> (artifact id: 'f53c354ef7ed828893839f80dc12ea9c') in 0.785141 seconds 
========================================================================
Received Import Request.
  Time since last request: 1.131002 seconds.
  path: Assets/Prefabs/False/SelectedObjColorTwo.prefab
  artifactKey: Guid(d8c07f3b49ae84cc7be3738e26192389) Importer(815301076,1909f56bfc062723c751e8b465ee728b)
Start importing Assets/Prefabs/False/SelectedObjColorTwo.prefab using Guid(d8c07f3b49ae84cc7be3738e26192389) Importer(815301076,1909f56bfc062723c751e8b465ee728b)  -> (artifact id: 'e70f4e44b440ddedf8e05e883f0e5ed1') in 0.016324 seconds 
========================================================================
Received Import Request.
  Time since last request: 1.917490 seconds.
  path: Assets/Prefabs/False/SelectObje (2).prefab
  artifactKey: Guid(4f60f1a721d5f4186b33db39de99e753) Importer(815301076,1909f56bfc062723c751e8b465ee728b)
Start importing Assets/Prefabs/False/SelectObje (2).prefab using Guid(4f60f1a721d5f4186b33db39de99e753) Importer(815301076,1909f56bfc062723c751e8b465ee728b)  -> (artifact id: '620c238f09e9b9826809f20251401d78') in 0.009700 seconds 
========================================================================
Received Import Request.
  Time since last request: 2.336261 seconds.
  path: Assets/Prefabs/False/SelectObje (3).prefab
  artifactKey: Guid(b478bd444e4dc4d018fab5077fd5beae) Importer(815301076,1909f56bfc062723c751e8b465ee728b)
Start importing Assets/Prefabs/False/SelectObje (3).prefab using Guid(b478bd444e4dc4d018fab5077fd5beae) Importer(815301076,1909f56bfc062723c751e8b465ee728b)  -> (artifact id: '85bb06038fdd1791cc2d8080c46bfdfd') in 0.009031 seconds 
========================================================================
Received Import Request.
  Time since last request: 14.450595 seconds.
  path: Assets/Prefabs/True/SelectedObjColorOne (1).prefab
  artifactKey: Guid(378707bb042a347459820a3b70cec891) Importer(815301076,1909f56bfc062723c751e8b465ee728b)
Start importing Assets/Prefabs/True/SelectedObjColorOne (1).prefab using Guid(378707bb042a347459820a3b70cec891) Importer(815301076,1909f56bfc062723c751e8b465ee728b)  -> (artifact id: 'a221716e3d8d13d39955253fffab9685') in 0.008377 seconds 
========================================================================
Received Import Request.
  Time since last request: 2.222476 seconds.
  path: Assets/Prefabs/True/SelectedObjColorTwo (1).prefab
  artifactKey: Guid(55de8a27ced78403c8a3322ff15edcbd) Importer(815301076,1909f56bfc062723c751e8b465ee728b)
Start importing Assets/Prefabs/True/SelectedObjColorTwo (1).prefab using Guid(55de8a27ced78403c8a3322ff15edcbd) Importer(815301076,1909f56bfc062723c751e8b465ee728b)  -> (artifact id: 'dc00a12ae5c17e61747d72a36a0b33a7') in 0.007654 seconds 
========================================================================
Received Import Request.
  Time since last request: 2.499323 seconds.
  path: Assets/Prefabs/True/SelectedObjMeshOne.prefab
  artifactKey: Guid(63cdb201f12314eef8416cca350c3834) Importer(815301076,1909f56bfc062723c751e8b465ee728b)
Start importing Assets/Prefabs/True/SelectedObjMeshOne.prefab using Guid(63cdb201f12314eef8416cca350c3834) Importer(815301076,1909f56bfc062723c751e8b465ee728b)  -> (artifact id: 'cc69db7f2873f49ec94bbac7e3a5412f') in 0.009223 seconds 
========================================================================
Received Import Request.
  Time since last request: 1.839523 seconds.
  path: Assets/Prefabs/True/SelectObje.prefab
  artifactKey: Guid(9f012152837ba4e16a886de4a7d2f999) Importer(815301076,1909f56bfc062723c751e8b465ee728b)
Start importing Assets/Prefabs/True/SelectObje.prefab using Guid(9f012152837ba4e16a886de4a7d2f999) Importer(815301076,1909f56bfc062723c751e8b465ee728b)  -> (artifact id: '03467f6e43cd0ddf7420e1b211e47d5f') in 0.008753 seconds 
========================================================================
Received Import Request.
  Time since last request: 2.157257 seconds.
  path: Assets/Prefabs/True/SelectObje (1).prefab
  artifactKey: Guid(0c06d8c691a8b4a9186e5a6f9debae75) Importer(815301076,1909f56bfc062723c751e8b465ee728b)
Start importing Assets/Prefabs/True/SelectObje (1).prefab using Guid(0c06d8c691a8b4a9186e5a6f9debae75) Importer(815301076,1909f56bfc062723c751e8b465ee728b)  -> (artifact id: '7da8caebb37888d9c173361e3fbb4bab') in 0.008678 seconds 
========================================================================
Received Prepare
Registering precompiled user dll's ...
Registered in 0.000942 seconds.
Begin MonoManager ReloadAssembly
Native extension for OSXStandalone target not found
Refreshing native plugins compatible for Editor in 0.29 ms, found 2 plugins.
Preloading 0 native plugins for Editor in 0.00 ms.
Mono: successfully reloaded assembly
- Completed reload, in  2.160 seconds
Domain Reload Profiling:
	ReloadAssembly (2161ms)
		BeginReloadAssembly (236ms)
			ExecutionOrderSort (0ms)
			DisableScriptedObjects (29ms)
			BackupInstance (0ms)
			ReleaseScriptingObjects (0ms)
			CreateAndSetChildDomain (80ms)
		EndReloadAssembly (1830ms)
			LoadAssemblies (214ms)
			RebuildTransferFunctionScriptingTraits (0ms)
			SetupTypeCache (319ms)
			ReleaseScriptCaches (1ms)
			RebuildScriptCaches (48ms)
			SetupLoadedEditorAssemblies (1004ms)
				LogAssemblyErrors (0ms)
				InitializePlatformSupportModulesInManaged (13ms)
				SetLoadedEditorAssemblies (1ms)
				RefreshPlugins (0ms)
				BeforeProcessingInitializeOnLoad (232ms)
				ProcessInitializeOnLoadAttributes (725ms)
				ProcessInitializeOnLoadMethodAttributes (31ms)
				AfterProcessingInitializeOnLoad (1ms)
				EditorAssembliesLoaded (0ms)
			ExecutionOrderSort2 (0ms)
			AwakeInstancesAfterBackupRestoration (33ms)
Platform modules already initialized, skipping
Refreshing native plugins compatible for Editor in 0.27 ms, found 2 plugins.
Preloading 0 native plugins for Editor in 0.00 ms.
Unloading 1515 Unused Serialized files (Serialized files now loaded: 0)
System memory in use before: 191.9 MB.
System memory in use after: 192.0 MB.

Unloading 13 unused Assets to reduce memory usage. Loaded Objects now: 2054.
Total: 1.967292 ms (FindLiveObjects: 0.067667 ms CreateObjectMapping: 0.030500 ms MarkObjects: 1.844833 ms  DeleteObjects: 0.023334 ms)

AssetImportParameters requested are different than current active one (requested -> active):
  custom:video-decoder-ogg-theora: a1e56fd34408186e4bbccfd4996cb3dc -> 
  custom:container-muxer-webm: aa71ff27fc2769a1b78a27578f13a17b -> 
  custom:container-demuxer-webm: 4f35f7cbe854078d1ac9338744f61a02 -> 
  custom:container-demuxer-ogg: 62fdf1f143b41e24485cea50d1cbac27 -> 
  custom:video-encoder-webm-vp8: eb34c28f22e8b96e1ab97ce403110664 -> 
  custom:framework-osx-AVFoundation: e770b220cccbd017edd2c1fefb359320 -> 
  custom:video-decoder-webm-vp8: 9c59270c3fd7afecdb556c50c9e8de78 -> 
  custom:audio-decoder-ogg-vorbis: bf7c407c2cedff20999df2af8eb42d56 -> 
  custom:audio-encoder-webm-vorbis: bf7c407c2cedff20999df2af8eb42d56 -> 
========================================================================
Received Import Request.
  Time since last request: 453.450097 seconds.
  path: Assets/Prefabs/False/SelectObje (7).prefab
  artifactKey: Guid(6f68bc6bc3f944f7589f533223ff78a6) Importer(815301076,1909f56bfc062723c751e8b465ee728b)
Start importing Assets/Prefabs/False/SelectObje (7).prefab using Guid(6f68bc6bc3f944f7589f533223ff78a6) Importer(815301076,1909f56bfc062723c751e8b465ee728b)  -> (artifact id: '20559b65f2540507962bac10d688c11c') in 0.130664 seconds 
========================================================================
Received Import Request.
  Time since last request: 1.777420 seconds.
  path: Assets/Prefabs/False/SelectObje (8).prefab
  artifactKey: Guid(186c8cf4659904771bb2a3e75b7bf70d) Importer(815301076,1909f56bfc062723c751e8b465ee728b)
Start importing Assets/Prefabs/False/SelectObje (8).prefab using Guid(186c8cf4659904771bb2a3e75b7bf70d) Importer(815301076,1909f56bfc062723c751e8b465ee728b)  -> (artifact id: '7a9a214fcd4bab9ac29384bf7d3cb64d') in 0.016022 seconds 
========================================================================
Received Import Request.
  Time since last request: 1.884475 seconds.
  path: Assets/Prefabs/False/SelectObje (5).prefab
  artifactKey: Guid(b2980927f34ec42459509e9849dcea9a) Importer(815301076,1909f56bfc062723c751e8b465ee728b)
Start importing Assets/Prefabs/False/SelectObje (5).prefab using Guid(b2980927f34ec42459509e9849dcea9a) Importer(815301076,1909f56bfc062723c751e8b465ee728b)  -> (artifact id: '2de5638ccb5fedf2c2875ed67282347d') in 0.008282 seconds 
========================================================================
Received Import Request.
  Time since last request: 1.842368 seconds.
  path: Assets/Prefabs/False/SelectObje (6).prefab
  artifactKey: Guid(f0b0e7333a280432780181186794d9ba) Importer(815301076,1909f56bfc062723c751e8b465ee728b)
Start importing Assets/Prefabs/False/SelectObje (6).prefab using Guid(f0b0e7333a280432780181186794d9ba) Importer(815301076,1909f56bfc062723c751e8b465ee728b)  -> (artifact id: '4473a8ed483ae189704fea0eae96ad57') in 0.008342 seconds 
========================================================================
Received Import Request.
  Time since last request: 7.436067 seconds.
  path: Assets/Prefabs/True/SelectObje.prefab
  artifactKey: Guid(9f012152837ba4e16a886de4a7d2f999) Importer(815301076,1909f56bfc062723c751e8b465ee728b)
Start importing Assets/Prefabs/True/SelectObje.prefab using Guid(9f012152837ba4e16a886de4a7d2f999) Importer(815301076,1909f56bfc062723c751e8b465ee728b)  -> (artifact id: '2c898732fc419dda999d6dedd808ff35') in 0.008266 seconds 
========================================================================
Received Import Request.
  Time since last request: 1.775475 seconds.
  path: Assets/Prefabs/True/SelectObje (1).prefab
  artifactKey: Guid(0c06d8c691a8b4a9186e5a6f9debae75) Importer(815301076,1909f56bfc062723c751e8b465ee728b)
Start importing Assets/Prefabs/True/SelectObje (1).prefab using Guid(0c06d8c691a8b4a9186e5a6f9debae75) Importer(815301076,1909f56bfc062723c751e8b465ee728b)  -> (artifact id: 'b13f5de3b5b630cbfe944147ee54878a') in 0.008417 seconds 
========================================================================
Received Import Request.
  Time since last request: 1.905415 seconds.
  path: Assets/Prefabs/True/SelectObje (2).prefab
  artifactKey: Guid(15201a69eeeff44f594d39a02ebcee82) Importer(815301076,1909f56bfc062723c751e8b465ee728b)
Start importing Assets/Prefabs/True/SelectObje (2).prefab using Guid(15201a69eeeff44f594d39a02ebcee82) Importer(815301076,1909f56bfc062723c751e8b465ee728b)  -> (artifact id: 'acc7e30e379af47b4c21b5bdb2410a85') in 0.007364 seconds 
========================================================================
Received Import Request.
  Time since last request: 1.958678 seconds.
  path: Assets/Prefabs/True/SelectObje (3).prefab
  artifactKey: Guid(25ff9ff17f55d4bbd83f06ddc2c41c4a) Importer(815301076,1909f56bfc062723c751e8b465ee728b)
Start importing Assets/Prefabs/True/SelectObje (3).prefab using Guid(25ff9ff17f55d4bbd83f06ddc2c41c4a) Importer(815301076,1909f56bfc062723c751e8b465ee728b)  -> (artifact id: '15492717943c27cb483000f4b3d3a37c') in 0.008938 seconds 
========================================================================
Received Import Request.
  Time since last request: 1.835055 seconds.
  path: Assets/Prefabs/True/SelectObje (4).prefab
  artifactKey: Guid(36422d05a45004794b8c0ac21538e7e6) Importer(815301076,1909f56bfc062723c751e8b465ee728b)
Start importing Assets/Prefabs/True/SelectObje (4).prefab using Guid(36422d05a45004794b8c0ac21538e7e6) Importer(815301076,1909f56bfc062723c751e8b465ee728b)  -> (artifact id: '4ec97ad3eab72bcf92bb42ce40de5e5e') in 0.008249 seconds 
========================================================================
Received Prepare
Registering precompiled user dll's ...
Registered in 0.003507 seconds.
Begin MonoManager ReloadAssembly
Native extension for OSXStandalone target not found
Refreshing native plugins compatible for Editor in 0.47 ms, found 2 plugins.
Preloading 0 native plugins for Editor in 0.00 ms.
Mono: successfully reloaded assembly
- Completed reload, in  2.226 seconds
Domain Reload Profiling:
	ReloadAssembly (2227ms)
		BeginReloadAssembly (293ms)
			ExecutionOrderSort (0ms)
			DisableScriptedObjects (65ms)
			BackupInstance (0ms)
			ReleaseScriptingObjects (0ms)
			CreateAndSetChildDomain (79ms)
		EndReloadAssembly (1841ms)
			LoadAssemblies (218ms)
			RebuildTransferFunctionScriptingTraits (0ms)
			SetupTypeCache (315ms)
			ReleaseScriptCaches (1ms)
			RebuildScriptCaches (49ms)
			SetupLoadedEditorAssemblies (1023ms)
				LogAssemblyErrors (0ms)
				InitializePlatformSupportModulesInManaged (12ms)
				SetLoadedEditorAssemblies (1ms)
				RefreshPlugins (0ms)
				BeforeProcessingInitializeOnLoad (229ms)
				ProcessInitializeOnLoadAttributes (748ms)
				ProcessInitializeOnLoadMethodAttributes (30ms)
				AfterProcessingInitializeOnLoad (1ms)
				EditorAssembliesLoaded (0ms)
			ExecutionOrderSort2 (0ms)
			AwakeInstancesAfterBackupRestoration (33ms)
Platform modules already initialized, skipping
Refreshing native plugins compatible for Editor in 0.29 ms, found 2 plugins.
Preloading 0 native plugins for Editor in 0.00 ms.
Unloading 1515 Unused Serialized files (Serialized files now loaded: 0)
System memory in use before: 192.2 MB.
System memory in use after: 192.3 MB.

Unloading 13 unused Assets to reduce memory usage. Loaded Objects now: 2058.
Total: 2.025708 ms (FindLiveObjects: 0.075041 ms CreateObjectMapping: 0.036709 ms MarkObjects: 1.894666 ms  DeleteObjects: 0.018375 ms)

AssetImportParameters requested are different than current active one (requested -> active):
  custom:video-decoder-ogg-theora: a1e56fd34408186e4bbccfd4996cb3dc -> 
  custom:container-muxer-webm: aa71ff27fc2769a1b78a27578f13a17b -> 
  custom:container-demuxer-webm: 4f35f7cbe854078d1ac9338744f61a02 -> 
  custom:container-demuxer-ogg: 62fdf1f143b41e24485cea50d1cbac27 -> 
  custom:video-encoder-webm-vp8: eb34c28f22e8b96e1ab97ce403110664 -> 
  custom:framework-osx-AVFoundation: e770b220cccbd017edd2c1fefb359320 -> 
  custom:video-decoder-webm-vp8: 9c59270c3fd7afecdb556c50c9e8de78 -> 
  custom:audio-decoder-ogg-vorbis: bf7c407c2cedff20999df2af8eb42d56 -> 
  custom:audio-encoder-webm-vorbis: bf7c407c2cedff20999df2af8eb42d56 -> 
========================================================================
Received Import Request.
  Time since last request: 130.497867 seconds.
  path: Assets/Prefabs/True/SelectObje.prefab
  artifactKey: Guid(9f012152837ba4e16a886de4a7d2f999) Importer(815301076,1909f56bfc062723c751e8b465ee728b)
Start importing Assets/Prefabs/True/SelectObje.prefab using Guid(9f012152837ba4e16a886de4a7d2f999) Importer(815301076,1909f56bfc062723c751e8b465ee728b)  -> (artifact id: 'a96eb44946cd862a2d11e2a730ad340a') in 0.142357 seconds 
========================================================================
Received Import Request.
  Time since last request: 8.338691 seconds.
  path: Assets/Prefabs/False/SelectObje (7).prefab
  artifactKey: Guid(6f68bc6bc3f944f7589f533223ff78a6) Importer(815301076,1909f56bfc062723c751e8b465ee728b)
Start importing Assets/Prefabs/False/SelectObje (7).prefab using Guid(6f68bc6bc3f944f7589f533223ff78a6) Importer(815301076,1909f56bfc062723c751e8b465ee728b)  -> (artifact id: '36396a305bdac4bd9a16ac810a6d1746') in 0.016098 seconds 
========================================================================
Received Import Request.
  Time since last request: 249.627848 seconds.
  path: Assets/Prefabs/False/SelectObje (5).prefab
  artifactKey: Guid(b2980927f34ec42459509e9849dcea9a) Importer(815301076,1909f56bfc062723c751e8b465ee728b)
Start importing Assets/Prefabs/False/SelectObje (5).prefab using Guid(b2980927f34ec42459509e9849dcea9a) Importer(815301076,1909f56bfc062723c751e8b465ee728b)  -> (artifact id: '5d7e31944a805162ab2057852155d937') in 0.008538 seconds 
========================================================================
Received Prepare
Registering precompiled user dll's ...
Registered in 0.000936 seconds.
Begin MonoManager ReloadAssembly
Native extension for OSXStandalone target not found
Refreshing native plugins compatible for Editor in 0.29 ms, found 2 plugins.
Preloading 0 native plugins for Editor in 0.00 ms.
Mono: successfully reloaded assembly
- Completed reload, in  2.062 seconds
Domain Reload Profiling:
	ReloadAssembly (2063ms)
		BeginReloadAssembly (200ms)
			ExecutionOrderSort (0ms)
			DisableScriptedObjects (27ms)
			BackupInstance (0ms)
			ReleaseScriptingObjects (0ms)
			CreateAndSetChildDomain (71ms)
		EndReloadAssembly (1770ms)
			LoadAssemblies (174ms)
			RebuildTransferFunctionScriptingTraits (0ms)
			SetupTypeCache (317ms)
			ReleaseScriptCaches (1ms)
			RebuildScriptCaches (49ms)
			SetupLoadedEditorAssemblies (965ms)
				LogAssemblyErrors (0ms)
				InitializePlatformSupportModulesInManaged (13ms)
				SetLoadedEditorAssemblies (1ms)
				RefreshPlugins (0ms)
				BeforeProcessingInitializeOnLoad (225ms)
				ProcessInitializeOnLoadAttributes (695ms)
				ProcessInitializeOnLoadMethodAttributes (29ms)
				AfterProcessingInitializeOnLoad (1ms)
				EditorAssembliesLoaded (0ms)
			ExecutionOrderSort2 (0ms)
			AwakeInstancesAfterBackupRestoration (31ms)
Platform modules already initialized, skipping
Refreshing native plugins compatible for Editor in 0.29 ms, found 2 plugins.
Preloading 0 native plugins for Editor in 0.00 ms.
Unloading 1515 Unused Serialized files (Serialized files now loaded: 0)
System memory in use before: 192.3 MB.
System memory in use after: 192.4 MB.

Unloading 13 unused Assets to reduce memory usage. Loaded Objects now: 2062.
Total: 1.901208 ms (FindLiveObjects: 0.068792 ms CreateObjectMapping: 0.029125 ms MarkObjects: 1.783833 ms  DeleteObjects: 0.018708 ms)

AssetImportParameters requested are different than current active one (requested -> active):
  custom:video-decoder-ogg-theora: a1e56fd34408186e4bbccfd4996cb3dc -> 
  custom:container-muxer-webm: aa71ff27fc2769a1b78a27578f13a17b -> 
  custom:container-demuxer-webm: 4f35f7cbe854078d1ac9338744f61a02 -> 
  custom:container-demuxer-ogg: 62fdf1f143b41e24485cea50d1cbac27 -> 
  custom:video-encoder-webm-vp8: eb34c28f22e8b96e1ab97ce403110664 -> 
  custom:framework-osx-AVFoundation: e770b220cccbd017edd2c1fefb359320 -> 
  custom:video-decoder-webm-vp8: 9c59270c3fd7afecdb556c50c9e8de78 -> 
  custom:audio-decoder-ogg-vorbis: bf7c407c2cedff20999df2af8eb42d56 -> 
  custom:audio-encoder-webm-vorbis: bf7c407c2cedff20999df2af8eb42d56 -> 
========================================================================
Received Import Request.
  Time since last request: 16.876125 seconds.
  path: Assets/Prefabs/False/SelectObje (7).prefab
  artifactKey: Guid(6f68bc6bc3f944f7589f533223ff78a6) Importer(815301076,1909f56bfc062723c751e8b465ee728b)
Start importing Assets/Prefabs/False/SelectObje (7).prefab using Guid(6f68bc6bc3f944f7589f533223ff78a6) Importer(815301076,1909f56bfc062723c751e8b465ee728b)  -> (artifact id: '3184132ae9b6984e843274931a586d1e') in 0.135337 seconds 
========================================================================
Received Import Request.
  Time since last request: 4.004592 seconds.
  path: Assets/Prefabs/False/SelectObje (7).prefab
  artifactKey: Guid(6f68bc6bc3f944f7589f533223ff78a6) Importer(815301076,1909f56bfc062723c751e8b465ee728b)
Start importing Assets/Prefabs/False/SelectObje (7).prefab using Guid(6f68bc6bc3f944f7589f533223ff78a6) Importer(815301076,1909f56bfc062723c751e8b465ee728b)  -> (artifact id: '34df93d20ec492925edcdfc24c2740ed') in 0.014681 seconds 
========================================================================
Received Import Request.
  Time since last request: 2.819164 seconds.
  path: Assets/Prefabs/False/SelectObje (7).prefab
  artifactKey: Guid(6f68bc6bc3f944f7589f533223ff78a6) Importer(815301076,1909f56bfc062723c751e8b465ee728b)
Start importing Assets/Prefabs/False/SelectObje (7).prefab using Guid(6f68bc6bc3f944f7589f533223ff78a6) Importer(815301076,1909f56bfc062723c751e8b465ee728b)  -> (artifact id: '89a498d5fb70b7e653f309a9795fe05d') in 0.008214 seconds 
========================================================================
Received Import Request.
  Time since last request: 11.348219 seconds.
  path: Assets/Prefabs/True/SelectObje (1).prefab
  artifactKey: Guid(0c06d8c691a8b4a9186e5a6f9debae75) Importer(815301076,1909f56bfc062723c751e8b465ee728b)
Start importing Assets/Prefabs/True/SelectObje (1).prefab using Guid(0c06d8c691a8b4a9186e5a6f9debae75) Importer(815301076,1909f56bfc062723c751e8b465ee728b)  -> (artifact id: '0692e261d6fddf9e7436ea5673290e31') in 0.012100 seconds 
========================================================================
Received Prepare
Registering precompiled user dll's ...
Registered in 0.000946 seconds.
Begin MonoManager ReloadAssembly
Native extension for OSXStandalone target not found
Refreshing native plugins compatible for Editor in 0.29 ms, found 2 plugins.
Preloading 0 native plugins for Editor in 0.00 ms.
Mono: successfully reloaded assembly
- Completed reload, in  2.053 seconds
Domain Reload Profiling:
	ReloadAssembly (2053ms)
		BeginReloadAssembly (198ms)
			ExecutionOrderSort (0ms)
			DisableScriptedObjects (27ms)
			BackupInstance (0ms)
			ReleaseScriptingObjects (0ms)
			CreateAndSetChildDomain (71ms)
		EndReloadAssembly (1763ms)
			LoadAssemblies (170ms)
			RebuildTransferFunctionScriptingTraits (0ms)
			SetupTypeCache (319ms)
			ReleaseScriptCaches (1ms)
			RebuildScriptCaches (49ms)
			SetupLoadedEditorAssemblies (957ms)
				LogAssemblyErrors (0ms)
				InitializePlatformSupportModulesInManaged (13ms)
				SetLoadedEditorAssemblies (1ms)
				RefreshPlugins (0ms)
				BeforeProcessingInitializeOnLoad (230ms)
				ProcessInitializeOnLoadAttributes (685ms)
				ProcessInitializeOnLoadMethodAttributes (25ms)
				AfterProcessingInitializeOnLoad (1ms)
				EditorAssembliesLoaded (0ms)
			ExecutionOrderSort2 (0ms)
			AwakeInstancesAfterBackupRestoration (29ms)
Platform modules already initialized, skipping
Refreshing native plugins compatible for Editor in 0.23 ms, found 2 plugins.
Preloading 0 native plugins for Editor in 0.00 ms.
Unloading 1515 Unused Serialized files (Serialized files now loaded: 0)
System memory in use before: 192.5 MB.
System memory in use after: 192.6 MB.

Unloading 13 unused Assets to reduce memory usage. Loaded Objects now: 2066.
Total: 1.917125 ms (FindLiveObjects: 0.062500 ms CreateObjectMapping: 0.028291 ms MarkObjects: 1.807334 ms  DeleteObjects: 0.018208 ms)

AssetImportParameters requested are different than current active one (requested -> active):
  custom:video-decoder-ogg-theora: a1e56fd34408186e4bbccfd4996cb3dc -> 
  custom:container-muxer-webm: aa71ff27fc2769a1b78a27578f13a17b -> 
  custom:container-demuxer-webm: 4f35f7cbe854078d1ac9338744f61a02 -> 
  custom:container-demuxer-ogg: 62fdf1f143b41e24485cea50d1cbac27 -> 
  custom:video-encoder-webm-vp8: eb34c28f22e8b96e1ab97ce403110664 -> 
  custom:framework-osx-AVFoundation: e770b220cccbd017edd2c1fefb359320 -> 
  custom:video-decoder-webm-vp8: 9c59270c3fd7afecdb556c50c9e8de78 -> 
  custom:audio-decoder-ogg-vorbis: bf7c407c2cedff20999df2af8eb42d56 -> 
  custom:audio-encoder-webm-vorbis: bf7c407c2cedff20999df2af8eb42d56 -> 
========================================================================
Received Import Request.
  Time since last request: 73.518959 seconds.
  path: Assets/Prefabs/True/SelectObje (1).prefab
  artifactKey: Guid(0c06d8c691a8b4a9186e5a6f9debae75) Importer(815301076,1909f56bfc062723c751e8b465ee728b)
Start importing Assets/Prefabs/True/SelectObje (1).prefab using Guid(0c06d8c691a8b4a9186e5a6f9debae75) Importer(815301076,1909f56bfc062723c751e8b465ee728b)  -> (artifact id: '445eb8c9f06f37dd6a6bcd56408f3328') in 0.146777 seconds 
========================================================================
Received Import Request.
  Time since last request: 65.857956 seconds.
  path: Assets/Prefabs/True/SelectObje.prefab
  artifactKey: Guid(9f012152837ba4e16a886de4a7d2f999) Importer(815301076,1909f56bfc062723c751e8b465ee728b)
Start importing Assets/Prefabs/True/SelectObje.prefab using Guid(9f012152837ba4e16a886de4a7d2f999) Importer(815301076,1909f56bfc062723c751e8b465ee728b)  -> (artifact id: 'b1455ade3a6e357e57904c899c767544') in 0.013328 seconds 
========================================================================
Received Import Request.
  Time since last request: 6.310213 seconds.
  path: Assets/Prefabs/True/SelectObje.prefab
  artifactKey: Guid(9f012152837ba4e16a886de4a7d2f999) Importer(815301076,1909f56bfc062723c751e8b465ee728b)
Start importing Assets/Prefabs/True/SelectObje.prefab using Guid(9f012152837ba4e16a886de4a7d2f999) Importer(815301076,1909f56bfc062723c751e8b465ee728b)  -> (artifact id: '9bfbdbdc3dfac34047dba1d37af8c5a7') in 0.007958 seconds 
========================================================================
Received Import Request.
  Time since last request: 2.764407 seconds.
  path: Assets/Prefabs/False/SelectObje (5).prefab
  artifactKey: Guid(b2980927f34ec42459509e9849dcea9a) Importer(815301076,1909f56bfc062723c751e8b465ee728b)
Start importing Assets/Prefabs/False/SelectObje (5).prefab using Guid(b2980927f34ec42459509e9849dcea9a) Importer(815301076,1909f56bfc062723c751e8b465ee728b)  -> (artifact id: '67a01d8e74a61ab4b3bc375444fc8901') in 0.007996 seconds 
========================================================================
Received Import Request.
  Time since last request: 1.321578 seconds.
  path: Assets/Prefabs/False/SelectObje (7).prefab
  artifactKey: Guid(6f68bc6bc3f944f7589f533223ff78a6) Importer(815301076,1909f56bfc062723c751e8b465ee728b)
Start importing Assets/Prefabs/False/SelectObje (7).prefab using Guid(6f68bc6bc3f944f7589f533223ff78a6) Importer(815301076,1909f56bfc062723c751e8b465ee728b)  -> (artifact id: 'd200d93a432473c106a8e4980e7f75aa') in 0.007332 seconds 
========================================================================
Received Import Request.
  Time since last request: 6.155068 seconds.
  path: Assets/Prefabs/SelectableObject.prefab
  artifactKey: Guid(9c94859d4a9614c2d8c1e447322cc3f9) Importer(815301076,1909f56bfc062723c751e8b465ee728b)
Start importing Assets/Prefabs/SelectableObject.prefab using Guid(9c94859d4a9614c2d8c1e447322cc3f9) Importer(815301076,1909f56bfc062723c751e8b465ee728b)  -> (artifact id: 'db09dd0b8f4d62f1a259473aa9c20606') in 0.009223 seconds 
========================================================================
Received Import Request.
  Time since last request: 12.308686 seconds.
  path: Assets/Prefabs/False/SelectObje (5).prefab
  artifactKey: Guid(b2980927f34ec42459509e9849dcea9a) Importer(815301076,1909f56bfc062723c751e8b465ee728b)
Start importing Assets/Prefabs/False/SelectObje (5).prefab using Guid(b2980927f34ec42459509e9849dcea9a) Importer(815301076,1909f56bfc062723c751e8b465ee728b)  -> (artifact id: '508e79d0488620ad9b38b4f9dff3db97') in 0.008047 seconds 
========================================================================
Received Import Request.
  Time since last request: 0.646084 seconds.
  path: Assets/Prefabs/False/SelectObje (7).prefab
  artifactKey: Guid(6f68bc6bc3f944f7589f533223ff78a6) Importer(815301076,1909f56bfc062723c751e8b465ee728b)
Start importing Assets/Prefabs/False/SelectObje (7).prefab using Guid(6f68bc6bc3f944f7589f533223ff78a6) Importer(815301076,1909f56bfc062723c751e8b465ee728b)  -> (artifact id: 'e866c48fe5c6e7bd83807006dd505088') in 0.007205 seconds 
========================================================================
Received Import Request.
  Time since last request: 4.919573 seconds.
  path: Assets/Prefabs/True/SelectObje (1).prefab
  artifactKey: Guid(0c06d8c691a8b4a9186e5a6f9debae75) Importer(815301076,1909f56bfc062723c751e8b465ee728b)
Start importing Assets/Prefabs/True/SelectObje (1).prefab using Guid(0c06d8c691a8b4a9186e5a6f9debae75) Importer(815301076,1909f56bfc062723c751e8b465ee728b)  -> (artifact id: 'd5a3ac49389b7958d5dae6cb9a01dc8b') in 0.010640 seconds 
========================================================================
Received Prepare
Registering precompiled user dll's ...
Registered in 0.003434 seconds.
Begin MonoManager ReloadAssembly
Native extension for OSXStandalone target not found
Refreshing native plugins compatible for Editor in 0.36 ms, found 2 plugins.
Preloading 0 native plugins for Editor in 0.00 ms.
Mono: successfully reloaded assembly
- Completed reload, in  2.305 seconds
Domain Reload Profiling:
	ReloadAssembly (2306ms)
		BeginReloadAssembly (360ms)
			ExecutionOrderSort (0ms)
			DisableScriptedObjects (48ms)
			BackupInstance (0ms)
			ReleaseScriptingObjects (0ms)
			CreateAndSetChildDomain (131ms)
		EndReloadAssembly (1851ms)
			LoadAssemblies (226ms)
			RebuildTransferFunctionScriptingTraits (0ms)
			SetupTypeCache (322ms)
			ReleaseScriptCaches (1ms)
			RebuildScriptCaches (49ms)
			SetupLoadedEditorAssemblies (1016ms)
				LogAssemblyErrors (0ms)
				InitializePlatformSupportModulesInManaged (14ms)
				SetLoadedEditorAssemblies (1ms)
				RefreshPlugins (0ms)
				BeforeProcessingInitializeOnLoad (241ms)
				ProcessInitializeOnLoadAttributes (730ms)
				ProcessInitializeOnLoadMethodAttributes (29ms)
				AfterProcessingInitializeOnLoad (1ms)
				EditorAssembliesLoaded (0ms)
			ExecutionOrderSort2 (0ms)
			AwakeInstancesAfterBackupRestoration (31ms)
Platform modules already initialized, skipping
Refreshing native plugins compatible for Editor in 0.28 ms, found 2 plugins.
Preloading 0 native plugins for Editor in 0.00 ms.
Unloading 1515 Unused Serialized files (Serialized files now loaded: 0)
System memory in use before: 192.7 MB.
System memory in use after: 192.8 MB.

Unloading 13 unused Assets to reduce memory usage. Loaded Objects now: 2071.
Total: 1.968834 ms (FindLiveObjects: 0.069542 ms CreateObjectMapping: 0.031625 ms MarkObjects: 1.843500 ms  DeleteObjects: 0.023375 ms)

AssetImportParameters requested are different than current active one (requested -> active):
  custom:video-decoder-ogg-theora: a1e56fd34408186e4bbccfd4996cb3dc -> 
  custom:container-muxer-webm: aa71ff27fc2769a1b78a27578f13a17b -> 
  custom:container-demuxer-webm: 4f35f7cbe854078d1ac9338744f61a02 -> 
  custom:container-demuxer-ogg: 62fdf1f143b41e24485cea50d1cbac27 -> 
  custom:video-encoder-webm-vp8: eb34c28f22e8b96e1ab97ce403110664 -> 
  custom:framework-osx-AVFoundation: e770b220cccbd017edd2c1fefb359320 -> 
  custom:video-decoder-webm-vp8: 9c59270c3fd7afecdb556c50c9e8de78 -> 
  custom:audio-decoder-ogg-vorbis: bf7c407c2cedff20999df2af8eb42d56 -> 
  custom:audio-encoder-webm-vorbis: bf7c407c2cedff20999df2af8eb42d56 -> 
========================================================================
Received Prepare
Registering precompiled user dll's ...
Registered in 0.003413 seconds.
Begin MonoManager ReloadAssembly
Native extension for OSXStandalone target not found
Refreshing native plugins compatible for Editor in 0.47 ms, found 2 plugins.
Preloading 0 native plugins for Editor in 0.00 ms.
Mono: successfully reloaded assembly
- Completed reload, in  2.423 seconds
Domain Reload Profiling:
	ReloadAssembly (2425ms)
		BeginReloadAssembly (295ms)
			ExecutionOrderSort (0ms)
			DisableScriptedObjects (30ms)
			BackupInstance (0ms)
			ReleaseScriptingObjects (0ms)
			CreateAndSetChildDomain (79ms)
		EndReloadAssembly (2027ms)
			LoadAssemblies (274ms)
			RebuildTransferFunctionScriptingTraits (0ms)
			SetupTypeCache (338ms)
			ReleaseScriptCaches (1ms)
			RebuildScriptCaches (52ms)
			SetupLoadedEditorAssemblies (1143ms)
				LogAssemblyErrors (0ms)
				InitializePlatformSupportModulesInManaged (14ms)
				SetLoadedEditorAssemblies (1ms)
				RefreshPlugins (1ms)
				BeforeProcessingInitializeOnLoad (264ms)
				ProcessInitializeOnLoadAttributes (826ms)
				ProcessInitializeOnLoadMethodAttributes (35ms)
				AfterProcessingInitializeOnLoad (1ms)
				EditorAssembliesLoaded (0ms)
			ExecutionOrderSort2 (0ms)
			AwakeInstancesAfterBackupRestoration (36ms)
Platform modules already initialized, skipping
Refreshing native plugins compatible for Editor in 0.31 ms, found 2 plugins.
Preloading 0 native plugins for Editor in 0.00 ms.
Unloading 1515 Unused Serialized files (Serialized files now loaded: 0)
System memory in use before: 192.9 MB.
System memory in use after: 193.0 MB.

Unloading 13 unused Assets to reduce memory usage. Loaded Objects now: 2074.
Total: 2.100250 ms (FindLiveObjects: 0.078125 ms CreateObjectMapping: 0.066583 ms MarkObjects: 1.927708 ms  DeleteObjects: 0.026666 ms)

AssetImportParameters requested are different than current active one (requested -> active):
  custom:video-decoder-ogg-theora: a1e56fd34408186e4bbccfd4996cb3dc -> 
  custom:container-muxer-webm: aa71ff27fc2769a1b78a27578f13a17b -> 
  custom:container-demuxer-webm: 4f35f7cbe854078d1ac9338744f61a02 -> 
  custom:container-demuxer-ogg: 62fdf1f143b41e24485cea50d1cbac27 -> 
  custom:video-encoder-webm-vp8: eb34c28f22e8b96e1ab97ce403110664 -> 
  custom:framework-osx-AVFoundation: e770b220cccbd017edd2c1fefb359320 -> 
  custom:video-decoder-webm-vp8: 9c59270c3fd7afecdb556c50c9e8de78 -> 
  custom:audio-decoder-ogg-vorbis: bf7c407c2cedff20999df2af8eb42d56 -> 
  custom:audio-encoder-webm-vorbis: bf7c407c2cedff20999df2af8eb42d56 -> 
========================================================================
Received Prepare
Registering precompiled user dll's ...
Registered in 0.001300 seconds.
Begin MonoManager ReloadAssembly
Native extension for OSXStandalone target not found
Refreshing native plugins compatible for Editor in 0.30 ms, found 2 plugins.
Preloading 0 native plugins for Editor in 0.00 ms.
Mono: successfully reloaded assembly
- Completed reload, in  2.173 seconds
Domain Reload Profiling:
	ReloadAssembly (2174ms)
		BeginReloadAssembly (205ms)
			ExecutionOrderSort (0ms)
			DisableScriptedObjects (29ms)
			BackupInstance (0ms)
			ReleaseScriptingObjects (0ms)
			CreateAndSetChildDomain (72ms)
		EndReloadAssembly (1875ms)
			LoadAssemblies (175ms)
			RebuildTransferFunctionScriptingTraits (0ms)
			SetupTypeCache (328ms)
			ReleaseScriptCaches (1ms)
			RebuildScriptCaches (53ms)
			SetupLoadedEditorAssemblies (1045ms)
				LogAssemblyErrors (0ms)
				InitializePlatformSupportModulesInManaged (13ms)
				SetLoadedEditorAssemblies (1ms)
				RefreshPlugins (0ms)
				BeforeProcessingInitializeOnLoad (237ms)
				ProcessInitializeOnLoadAttributes (764ms)
				ProcessInitializeOnLoadMethodAttributes (28ms)
				AfterProcessingInitializeOnLoad (1ms)
				EditorAssembliesLoaded (0ms)
			ExecutionOrderSort2 (0ms)
			AwakeInstancesAfterBackupRestoration (32ms)
Platform modules already initialized, skipping
Refreshing native plugins compatible for Editor in 0.27 ms, found 2 plugins.
Preloading 0 native plugins for Editor in 0.00 ms.
Unloading 1515 Unused Serialized files (Serialized files now loaded: 0)
System memory in use before: 193.0 MB.
System memory in use after: 193.2 MB.

Unloading 13 unused Assets to reduce memory usage. Loaded Objects now: 2077.
Total: 1.930334 ms (FindLiveObjects: 0.068916 ms CreateObjectMapping: 0.030667 ms MarkObjects: 1.808666 ms  DeleteObjects: 0.021292 ms)

AssetImportParameters requested are different than current active one (requested -> active):
  custom:video-decoder-ogg-theora: a1e56fd34408186e4bbccfd4996cb3dc -> 
  custom:container-muxer-webm: aa71ff27fc2769a1b78a27578f13a17b -> 
  custom:container-demuxer-webm: 4f35f7cbe854078d1ac9338744f61a02 -> 
  custom:container-demuxer-ogg: 62fdf1f143b41e24485cea50d1cbac27 -> 
  custom:video-encoder-webm-vp8: eb34c28f22e8b96e1ab97ce403110664 -> 
  custom:framework-osx-AVFoundation: e770b220cccbd017edd2c1fefb359320 -> 
  custom:video-decoder-webm-vp8: 9c59270c3fd7afecdb556c50c9e8de78 -> 
  custom:audio-decoder-ogg-vorbis: bf7c407c2cedff20999df2af8eb42d56 -> 
  custom:audio-encoder-webm-vorbis: bf7c407c2cedff20999df2af8eb42d56 -> 
========================================================================
Received Prepare
Registering precompiled user dll's ...
Registered in 0.002903 seconds.
Begin MonoManager ReloadAssembly
Native extension for OSXStandalone target not found
Refreshing native plugins compatible for Editor in 0.37 ms, found 2 plugins.
Preloading 0 native plugins for Editor in 0.00 ms.
Mono: successfully reloaded assembly
- Completed reload, in  2.416 seconds
Domain Reload Profiling:
	ReloadAssembly (2417ms)
		BeginReloadAssembly (315ms)
			ExecutionOrderSort (0ms)
			DisableScriptedObjects (31ms)
			BackupInstance (0ms)
			ReleaseScriptingObjects (0ms)
			CreateAndSetChildDomain (118ms)
		EndReloadAssembly (1999ms)
			LoadAssemblies (254ms)
			RebuildTransferFunctionScriptingTraits (0ms)
			SetupTypeCache (347ms)
			ReleaseScriptCaches (2ms)
			RebuildScriptCaches (53ms)
			SetupLoadedEditorAssemblies (1112ms)
				LogAssemblyErrors (0ms)
				InitializePlatformSupportModulesInManaged (13ms)
				SetLoadedEditorAssemblies (1ms)
				RefreshPlugins (0ms)
				BeforeProcessingInitializeOnLoad (240ms)
				ProcessInitializeOnLoadAttributes (827ms)
				ProcessInitializeOnLoadMethodAttributes (30ms)
				AfterProcessingInitializeOnLoad (1ms)
				EditorAssembliesLoaded (0ms)
			ExecutionOrderSort2 (0ms)
			AwakeInstancesAfterBackupRestoration (31ms)
Platform modules already initialized, skipping
Refreshing native plugins compatible for Editor in 0.30 ms, found 2 plugins.
Preloading 0 native plugins for Editor in 0.00 ms.
Unloading 1515 Unused Serialized files (Serialized files now loaded: 0)
System memory in use before: 193.2 MB.
System memory in use after: 193.3 MB.

Unloading 13 unused Assets to reduce memory usage. Loaded Objects now: 2080.
Total: 2.068833 ms (FindLiveObjects: 0.087458 ms CreateObjectMapping: 0.037500 ms MarkObjects: 1.908834 ms  DeleteObjects: 0.034250 ms)

AssetImportParameters requested are different than current active one (requested -> active):
  custom:video-decoder-ogg-theora: a1e56fd34408186e4bbccfd4996cb3dc -> 
  custom:container-muxer-webm: aa71ff27fc2769a1b78a27578f13a17b -> 
  custom:container-demuxer-webm: 4f35f7cbe854078d1ac9338744f61a02 -> 
  custom:container-demuxer-ogg: 62fdf1f143b41e24485cea50d1cbac27 -> 
  custom:video-encoder-webm-vp8: eb34c28f22e8b96e1ab97ce403110664 -> 
  custom:framework-osx-AVFoundation: e770b220cccbd017edd2c1fefb359320 -> 
  custom:video-decoder-webm-vp8: 9c59270c3fd7afecdb556c50c9e8de78 -> 
  custom:audio-decoder-ogg-vorbis: bf7c407c2cedff20999df2af8eb42d56 -> 
  custom:audio-encoder-webm-vorbis: bf7c407c2cedff20999df2af8eb42d56 -> 
========================================================================
Received Prepare
Registering precompiled user dll's ...
Registered in 0.001382 seconds.
Begin MonoManager ReloadAssembly
Native extension for OSXStandalone target not found
Refreshing native plugins compatible for Editor in 0.40 ms, found 2 plugins.
Preloading 0 native plugins for Editor in 0.00 ms.
Mono: successfully reloaded assembly
- Completed reload, in  2.173 seconds
Domain Reload Profiling:
	ReloadAssembly (2174ms)
		BeginReloadAssembly (215ms)
			ExecutionOrderSort (0ms)
			DisableScriptedObjects (30ms)
			BackupInstance (0ms)
			ReleaseScriptingObjects (0ms)
			CreateAndSetChildDomain (75ms)
		EndReloadAssembly (1858ms)
			LoadAssemblies (184ms)
			RebuildTransferFunctionScriptingTraits (0ms)
			SetupTypeCache (328ms)
			ReleaseScriptCaches (1ms)
			RebuildScriptCaches (51ms)
			SetupLoadedEditorAssemblies (1024ms)
				LogAssemblyErrors (0ms)
				InitializePlatformSupportModulesInManaged (15ms)
				SetLoadedEditorAssemblies (2ms)
				RefreshPlugins (0ms)
				BeforeProcessingInitializeOnLoad (257ms)
				ProcessInitializeOnLoadAttributes (719ms)
				ProcessInitializeOnLoadMethodAttributes (30ms)
				AfterProcessingInitializeOnLoad (1ms)
				EditorAssembliesLoaded (0ms)
			ExecutionOrderSort2 (0ms)
			AwakeInstancesAfterBackupRestoration (32ms)
Platform modules already initialized, skipping
Refreshing native plugins compatible for Editor in 0.30 ms, found 2 plugins.
Preloading 0 native plugins for Editor in 0.00 ms.
Unloading 1515 Unused Serialized files (Serialized files now loaded: 0)
System memory in use before: 193.4 MB.
System memory in use after: 193.5 MB.

Unloading 13 unused Assets to reduce memory usage. Loaded Objects now: 2083.
Total: 2.047208 ms (FindLiveObjects: 0.075541 ms CreateObjectMapping: 0.029542 ms MarkObjects: 1.921833 ms  DeleteObjects: 0.019417 ms)

AssetImportParameters requested are different than current active one (requested -> active):
  custom:video-decoder-ogg-theora: a1e56fd34408186e4bbccfd4996cb3dc -> 
  custom:container-muxer-webm: aa71ff27fc2769a1b78a27578f13a17b -> 
  custom:container-demuxer-webm: 4f35f7cbe854078d1ac9338744f61a02 -> 
  custom:container-demuxer-ogg: 62fdf1f143b41e24485cea50d1cbac27 -> 
  custom:video-encoder-webm-vp8: eb34c28f22e8b96e1ab97ce403110664 -> 
  custom:framework-osx-AVFoundation: e770b220cccbd017edd2c1fefb359320 -> 
  custom:video-decoder-webm-vp8: 9c59270c3fd7afecdb556c50c9e8de78 -> 
  custom:audio-decoder-ogg-vorbis: bf7c407c2cedff20999df2af8eb42d56 -> 
  custom:audio-encoder-webm-vorbis: bf7c407c2cedff20999df2af8eb42d56 -> 
========================================================================
Received Prepare
Registering precompiled user dll's ...
Registered in 0.001384 seconds.
Begin MonoManager ReloadAssembly
Native extension for OSXStandalone target not found
Refreshing native plugins compatible for Editor in 0.30 ms, found 2 plugins.
Preloading 0 native plugins for Editor in 0.00 ms.
Mono: successfully reloaded assembly
- Completed reload, in  2.173 seconds
Domain Reload Profiling:
	ReloadAssembly (2174ms)
		BeginReloadAssembly (224ms)
			ExecutionOrderSort (0ms)
			DisableScriptedObjects (29ms)
			BackupInstance (0ms)
			ReleaseScriptingObjects (0ms)
			CreateAndSetChildDomain (84ms)
		EndReloadAssembly (1855ms)
			LoadAssemblies (181ms)
			RebuildTransferFunctionScriptingTraits (0ms)
			SetupTypeCache (327ms)
			ReleaseScriptCaches (1ms)
			RebuildScriptCaches (51ms)
			SetupLoadedEditorAssemblies (1033ms)
				LogAssemblyErrors (0ms)
				InitializePlatformSupportModulesInManaged (12ms)
				SetLoadedEditorAssemblies (1ms)
				RefreshPlugins (0ms)
				BeforeProcessingInitializeOnLoad (232ms)
				ProcessInitializeOnLoadAttributes (758ms)
				ProcessInitializeOnLoadMethodAttributes (27ms)
				AfterProcessingInitializeOnLoad (1ms)
				EditorAssembliesLoaded (0ms)
			ExecutionOrderSort2 (0ms)
			AwakeInstancesAfterBackupRestoration (31ms)
Platform modules already initialized, skipping
Refreshing native plugins compatible for Editor in 0.32 ms, found 2 plugins.
Preloading 0 native plugins for Editor in 0.00 ms.
Unloading 1515 Unused Serialized files (Serialized files now loaded: 0)
System memory in use before: 193.5 MB.
System memory in use after: 193.7 MB.

Unloading 13 unused Assets to reduce memory usage. Loaded Objects now: 2086.
Total: 1.914333 ms (FindLiveObjects: 0.078917 ms CreateObjectMapping: 0.029667 ms MarkObjects: 1.782250 ms  DeleteObjects: 0.021541 ms)

AssetImportParameters requested are different than current active one (requested -> active):
  custom:video-decoder-ogg-theora: a1e56fd34408186e4bbccfd4996cb3dc -> 
  custom:container-muxer-webm: aa71ff27fc2769a1b78a27578f13a17b -> 
  custom:container-demuxer-webm: 4f35f7cbe854078d1ac9338744f61a02 -> 
  custom:container-demuxer-ogg: 62fdf1f143b41e24485cea50d1cbac27 -> 
  custom:video-encoder-webm-vp8: eb34c28f22e8b96e1ab97ce403110664 -> 
  custom:framework-osx-AVFoundation: e770b220cccbd017edd2c1fefb359320 -> 
  custom:video-decoder-webm-vp8: 9c59270c3fd7afecdb556c50c9e8de78 -> 
  custom:audio-decoder-ogg-vorbis: bf7c407c2cedff20999df2af8eb42d56 -> 
  custom:audio-encoder-webm-vorbis: bf7c407c2cedff20999df2af8eb42d56 -> 
========================================================================
Received Prepare
Registering precompiled user dll's ...
Registered in 0.000946 seconds.
Begin MonoManager ReloadAssembly
Native extension for OSXStandalone target not found
Refreshing native plugins compatible for Editor in 0.29 ms, found 2 plugins.
Preloading 0 native plugins for Editor in 0.00 ms.
Mono: successfully reloaded assembly
- Completed reload, in  2.035 seconds
Domain Reload Profiling:
	ReloadAssembly (2036ms)
		BeginReloadAssembly (207ms)
			ExecutionOrderSort (0ms)
			DisableScriptedObjects (29ms)
			BackupInstance (0ms)
			ReleaseScriptingObjects (0ms)
			CreateAndSetChildDomain (74ms)
		EndReloadAssembly (1738ms)
			LoadAssemblies (170ms)
			RebuildTransferFunctionScriptingTraits (0ms)
			SetupTypeCache (313ms)
			ReleaseScriptCaches (1ms)
			RebuildScriptCaches (48ms)
			SetupLoadedEditorAssemblies (949ms)
				LogAssemblyErrors (0ms)
				InitializePlatformSupportModulesInManaged (13ms)
				SetLoadedEditorAssemblies (1ms)
				RefreshPlugins (0ms)
				BeforeProcessingInitializeOnLoad (222ms)
				ProcessInitializeOnLoadAttributes (686ms)
				ProcessInitializeOnLoadMethodAttributes (26ms)
				AfterProcessingInitializeOnLoad (1ms)
				EditorAssembliesLoaded (0ms)
			ExecutionOrderSort2 (0ms)
			AwakeInstancesAfterBackupRestoration (29ms)
Platform modules already initialized, skipping
Refreshing native plugins compatible for Editor in 0.24 ms, found 2 plugins.
Preloading 0 native plugins for Editor in 0.00 ms.
Unloading 1515 Unused Serialized files (Serialized files now loaded: 0)
System memory in use before: 193.7 MB.
System memory in use after: 193.8 MB.

Unloading 13 unused Assets to reduce memory usage. Loaded Objects now: 2089.
Total: 1.958625 ms (FindLiveObjects: 0.064000 ms CreateObjectMapping: 0.029125 ms MarkObjects: 1.847166 ms  DeleteObjects: 0.017709 ms)

AssetImportParameters requested are different than current active one (requested -> active):
  custom:video-decoder-ogg-theora: a1e56fd34408186e4bbccfd4996cb3dc -> 
  custom:container-muxer-webm: aa71ff27fc2769a1b78a27578f13a17b -> 
  custom:container-demuxer-webm: 4f35f7cbe854078d1ac9338744f61a02 -> 
  custom:container-demuxer-ogg: 62fdf1f143b41e24485cea50d1cbac27 -> 
  custom:video-encoder-webm-vp8: eb34c28f22e8b96e1ab97ce403110664 -> 
  custom:framework-osx-AVFoundation: e770b220cccbd017edd2c1fefb359320 -> 
  custom:video-decoder-webm-vp8: 9c59270c3fd7afecdb556c50c9e8de78 -> 
  custom:audio-decoder-ogg-vorbis: bf7c407c2cedff20999df2af8eb42d56 -> 
  custom:audio-encoder-webm-vorbis: bf7c407c2cedff20999df2af8eb42d56 -> 
